C:\Users\soundgates\Desktop\pg-soundgates\soundgates\implementation\system.ngc 1370881098
C:/Users/soundgates/Desktop/pg-soundgates/soundgates/implementation/system_rs232_uart_1_wrapper.ngc 1370880977
C:/Users/soundgates/Desktop/pg-soundgates/soundgates/implementation/system_clock_generator_0_wrapper.ngc 1370881038
C:/Users/soundgates/Desktop/pg-soundgates/soundgates/implementation/system_proc_sys_reset_0_wrapper.ngc 1370880977
C:/Users/soundgates/Desktop/pg-soundgates/soundgates/implementation/system_microblaze_0_wrapper.ngc 1370880977
C:/Users/soundgates/Desktop/pg-soundgates/soundgates/implementation/system_mb_plb_wrapper.ngc 1370880997
C:/Users/soundgates/Desktop/pg-soundgates/soundgates/implementation/system_ilmb_wrapper.ngc 1370880977
C:/Users/soundgates/Desktop/pg-soundgates/soundgates/implementation/system_dlmb_wrapper.ngc 1370880977
C:/Users/soundgates/Desktop/pg-soundgates/soundgates/implementation/system_dlmb_cntlr_wrapper.ngc 1370880977
C:/Users/soundgates/Desktop/pg-soundgates/soundgates/implementation/system_ilmb_cntlr_wrapper.ngc 1370880977
C:/Users/soundgates/Desktop/pg-soundgates/soundgates/implementation/system_leds_8bit_wrapper.ngc 1370880977
C:/Users/soundgates/Desktop/pg-soundgates/soundgates/implementation/system_push_buttons_5bit_wrapper.ngc 1370880977
C:/Users/soundgates/Desktop/pg-soundgates/soundgates/implementation/system_ddr3_sdram_wrapper.ngc 1370880977
C:/Users/soundgates/Desktop/pg-soundgates/soundgates/implementation/system_xps_timer_0_wrapper.ngc 1370880977
C:/Users/soundgates/Desktop/pg-soundgates/soundgates/implementation/system_mdm_0_wrapper.ngc 1370880977
C:/Users/soundgates/Desktop/pg-soundgates/soundgates/implementation/system_xps_intc_0_wrapper.ngc 1370880977
C:/Users/soundgates/Desktop/pg-soundgates/soundgates/implementation/system_musicgenerator_0_wrapper.ngc 1370881045
C:/Users/soundgates/Desktop/pg-soundgates/soundgates/implementation/system_simple_timebase_0_wrapper.ngc 1370881032
C:/Users/soundgates/Desktop/pg-soundgates/soundgates/implementation/system_lmb_bram_wrapper.ngc 1370880977
OK
