
----------------------------------------------------------------------------
--                            Design Analysis                             --
----------------------------------------------------------------------------
Analyze pcore soundgates ...


----------------------------------------------------------------------------
--                            Design Analysis                             --
----------------------------------------------------------------------------
Analyze pcore soundgates ...


----------------------------------------------------------------------------
--                            File Generation                             --
----------------------------------------------------------------------------
Creating HDL source directory ...
Generating top peripheral VHDL template ...
Generating stub user logic VHDL template ...
HDL templates successfully generated ...
Creating data directory ...
Generating XPS inteface files ...
Compiling vhdl file
"/opt/Xilinx/14.2/ISE_DS/EDK/hw/XilinxProcessorIPLib/pcores/proc_common_v3_00_a/
hdl/vhdl/proc_common_pkg.vhd" in Library proc_common_v3_00_a.
Package <proc_common_pkg> compiled.
Package body <proc_common_pkg> compiled.
Compiling vhdl file
"/opt/Xilinx/14.2/ISE_DS/EDK/hw/XilinxProcessorIPLib/pcores/proc_common_v3_00_a/
hdl/vhdl/or_muxcy.vhd" in Library proc_common_v3_00_a.
Entity <or_muxcy> compiled.
Entity <or_muxcy> (Architecture <implementation>) compiled.
Compiling vhdl file
"/opt/Xilinx/14.2/ISE_DS/EDK/hw/XilinxProcessorIPLib/pcores/proc_common_v3_00_a/
hdl/vhdl/family_support.vhd" in Library proc_common_v3_00_a.
Package <family_support> compiled.
Package body <family_support> compiled.
Compiling vhdl file
"/opt/Xilinx/14.2/ISE_DS/EDK/hw/XilinxProcessorIPLib/pcores/proc_common_v3_00_a/
hdl/vhdl/counter_f.vhd" in Library proc_common_v3_00_a.
Entity <counter_f> compiled.
Entity <counter_f> (Architecture <imp>) compiled.
Compiling vhdl file
"/opt/Xilinx/14.2/ISE_DS/EDK/hw/XilinxProcessorIPLib/pcores/proc_common_v3_00_a/
hdl/vhdl/pselect_f.vhd" in Library proc_common_v3_00_a.
Entity <pselect_f> compiled.
Entity <pselect_f> (Architecture <imp>) compiled.
Compiling vhdl file
"/opt/Xilinx/14.2/ISE_DS/EDK/hw/XilinxProcessorIPLib/pcores/proc_common_v3_00_a/
hdl/vhdl/or_gate128.vhd" in Library proc_common_v3_00_a.
Entity <or_gate128> compiled.
Entity <or_gate128> (Architecture <imp>) compiled.
Compiling vhdl file
"/opt/Xilinx/14.2/ISE_DS/EDK/hw/XilinxProcessorIPLib/pcores/proc_common_v3_00_a/
hdl/vhdl/ipif_pkg.vhd" in Library proc_common_v3_00_a.
Package <ipif_pkg> compiled.
Package body <ipif_pkg> compiled.
Compiling vhdl file
"/opt/Xilinx/14.2/ISE_DS/EDK/hw/XilinxProcessorIPLib/pcores/plbv46_slave_single_
v1_01_a/hdl/vhdl/plb_address_decoder.vhd" in Library
plbv46_slave_single_v1_01_a.
Entity <plb_address_decoder> compiled.
Entity <plb_address_decoder> (Architecture <IMP>) compiled.
Compiling vhdl file
"/opt/Xilinx/14.2/ISE_DS/EDK/hw/XilinxProcessorIPLib/pcores/plbv46_slave_single_
v1_01_a/hdl/vhdl/plb_slave_attachment.vhd" in Library
plbv46_slave_single_v1_01_a.
Entity <plb_slave_attachment> compiled.
Entity <plb_slave_attachment> (Architecture <implementation>) compiled.
Compiling vhdl file
"/opt/Xilinx/14.2/ISE_DS/EDK/hw/XilinxProcessorIPLib/pcores/plbv46_slave_single_
v1_01_a/hdl/vhdl/plbv46_slave_single.vhd" in Library
plbv46_slave_single_v1_01_a.
Entity <plbv46_slave_single> compiled.
Entity <plbv46_slave_single> (Architecture <implementation>) compiled.
Compiling vhdl file
"/home/caius/pg/git/pg-soundgates/miniproject/pcores/soundgates_v1_00_a/data/../
hdl/vhdl/user_logic.vhd" in Library soundgates_v1_00_a.
Entity <user_logic> compiled.
Entity <user_logic> (Architecture <IMP>) compiled.
Compiling vhdl file
"/home/caius/pg/git/pg-soundgates/miniproject/pcores/soundgates_v1_00_a/data/../
hdl/vhdl/soundgates.vhd" in Library soundgates_v1_00_a.
Entity <soundgates> compiled.
Entity <soundgates> (Architecture <IMP>) compiled.


Analyzing HDL attributes ...
Entity name = soundgates
INFO:EDK:1607 - IPTYPE set to value : PERIPHERAL
INFO:EDK:1511 - IMP_NETLIST set to value : TRUE
INFO:EDK:1486 - HDL set to value : VHDL
XPS interface files successfully generated ...
Creating development directory ...
Generating command option file ...
Generating readme file ...
Development misc files successfully generated ...
Creating projnav directory ...
Generating ProjNav support files ...
ProjNav support files successfully generated ...
Creating synthesis directory ...
Generating XST synthesis support files ...
XST synthesis support files successfully generated ...
No BFM simulation files will be generated at this time ...
No software driver files will be generated at this time ...

----------------------------------------------------------------------------
--                              Final Report                              --
----------------------------------------------------------------------------
Thank you for using Create and Import Peripheral Wizard! Please find your
peripheral hardware templates under
/home/caius/pg/git/pg-soundgates/miniproject/pcores/soundgates_v1_00_a.

Peripheral Summary:

  top name       : soundgates
  version        : 1.00.a
  type           : PLB (v4.6) slave
  features       : slave attachment
                   user s/w registers

Address Block Summary:

  user logic slv : C_BASEADDR + 0x00000000
                 : C_BASEADDR + 0x000000FF

File Summary

  - HDL source -
  /home/caius/pg/git/pg-soundgates/miniproject/pcores/soundgates_v1_00_a/hdl
  top entity     : vhdl/soundgates.vhd
  user logic     : vhdl/user_logic.vhd

  - XPS interface -
  /home/caius/pg/git/pg-soundgates/miniproject/pcores/soundgates_v1_00_a/data
  mpd            : soundgates_v2_1_0.mpd
  pao            : soundgates_v2_1_0.pao

  - ISE project -
/home/caius/pg/git/pg-soundgates/miniproject/pcores/soundgates_v1_00_a/devl/proj
nav
  ise project    : soundgates.xise
  tcl script     : soundgates.tcl


  - XST synthesis -
/home/caius/pg/git/pg-soundgates/miniproject/pcores/soundgates_v1_00_a/devl/synt
hesis
  xst script     : soundgates_xst.scr
  xst project    : soundgates_xst.prj

  - Misc file -
  /home/caius/pg/git/pg-soundgates/miniproject/pcores/soundgates_v1_00_a/devl
  help           : README.txt
  option         : ipwiz.opt
  log            : ipwiz.log


